OpenJDK 64-Bit Server VM warning: Sharing is only supported for boot loader classes because bootstrap classpath has been appended
INFO: Loaded 111 hooks from com.code_intelligence.jazzer.runtime.TraceCmpHooks
INFO: Loaded 4 hooks from com.code_intelligence.jazzer.runtime.TraceDivHooks
INFO: Loaded 2 hooks from com.code_intelligence.jazzer.runtime.TraceIndirHooks
INFO: Loaded 4 hooks from com.code_intelligence.jazzer.runtime.NativeLibHooks
INFO: Loaded 8 hooks from com.code_intelligence.jazzer.sanitizers.Deserialization
INFO: Loaded 5 hooks from com.code_intelligence.jazzer.sanitizers.ExpressionLanguageInjection
INFO: Loaded 70 hooks from com.code_intelligence.jazzer.sanitizers.LdapInjection
INFO: Loaded 46 hooks from com.code_intelligence.jazzer.sanitizers.NamingContextLookup
INFO: Loaded 1 hooks from com.code_intelligence.jazzer.sanitizers.OsCommandInjection
INFO: Loaded 48 hooks from com.code_intelligence.jazzer.sanitizers.ReflectiveCall
INFO: Loaded 8 hooks from com.code_intelligence.jazzer.sanitizers.RegexInjection
INFO: Loaded 16 hooks from com.code_intelligence.jazzer.sanitizers.RegexRoadblocks
INFO: Loaded 19 hooks from com.code_intelligence.jazzer.sanitizers.SqlInjection
INFO: Instrumented ExampleFuzzer (took 67 ms, size +67%)
INFO: libFuzzer ignores flags that start with '--'
INFO: Running with entropic power schedule (0xFF, 100).
INFO: Seed: 1007277395
INFO: Loaded 1 modules   (512 inline 8-bit counters): 512 [0x7f300913d010, 0x7f300913d210), 
INFO: Loaded 1 PC tables (512 PCs): 512 [0x23df260,0x23e1260), 
MERGE-OUTER: 4 files, 0 in the initial corpus, 0 processed earlier
MERGE-OUTER: attempt 1
OpenJDK 64-Bit Server VM warning: Sharing is only supported for boot loader classes because bootstrap classpath has been appended
INFO: Synchronizing coverage IDs in /tmp/jazzer-10437369524087367758
INFO: Loaded 111 hooks from com.code_intelligence.jazzer.runtime.TraceCmpHooks
INFO: Loaded 4 hooks from com.code_intelligence.jazzer.runtime.TraceDivHooks
INFO: Loaded 2 hooks from com.code_intelligence.jazzer.runtime.TraceIndirHooks
INFO: Loaded 4 hooks from com.code_intelligence.jazzer.runtime.NativeLibHooks
INFO: Loaded 8 hooks from com.code_intelligence.jazzer.sanitizers.Deserialization
INFO: Loaded 5 hooks from com.code_intelligence.jazzer.sanitizers.ExpressionLanguageInjection
INFO: Loaded 70 hooks from com.code_intelligence.jazzer.sanitizers.LdapInjection
INFO: Loaded 46 hooks from com.code_intelligence.jazzer.sanitizers.NamingContextLookup
INFO: Loaded 1 hooks from com.code_intelligence.jazzer.sanitizers.OsCommandInjection
INFO: Loaded 48 hooks from com.code_intelligence.jazzer.sanitizers.ReflectiveCall
INFO: Loaded 8 hooks from com.code_intelligence.jazzer.sanitizers.RegexInjection
INFO: Loaded 16 hooks from com.code_intelligence.jazzer.sanitizers.RegexRoadblocks
INFO: Loaded 19 hooks from com.code_intelligence.jazzer.sanitizers.SqlInjection
INFO: Instrumented ExampleFuzzer (took 61 ms, size +67%)
INFO: libFuzzer ignores flags that start with '--'
INFO: Running with entropic power schedule (0xFF, 100).
INFO: Seed: 1510378841
INFO: Loaded 1 modules   (512 inline 8-bit counters): 512 [0x7f604a8fd010, 0x7f604a8fd210), 
INFO: Loaded 1 PC tables (512 PCs): 512 [0x8c6730,0x8c8730), 
INFO: -max_len is not provided; libFuzzer will not generate inputs larger than 1048576 bytes
MERGE-INNER: using the control file '/tmp/libFuzzerTemp.Merge68.txt'
MERGE-INNER: 4 total files; 0 processed earlier; will process 4 files now
#1	pulse  cov: 2 ft: 2 exec/s: 0 rss: 652Mb
#2	pulse  cov: 3 ft: 3 exec/s: 0 rss: 652Mb
#4	pulse  cov: 5 ft: 5 exec/s: 0 rss: 652Mb
#4	DONE   cov: 5 ft: 5 exec/s: 0 rss: 652Mb
MERGE-OUTER: successful in 1 attempt(s)
MERGE-OUTER: the control file has 468 bytes
MERGE-OUTER: consumed 0Mb (639Mb rss) to parse the control file
MERGE-OUTER: 4 new files with 5 new features added; 5 new coverage edges
